<?xml version="1.0" encoding="UTF-8" ?>
<testsuite tests="9" failures="0" name="test.nz.ac.wgtn.swen301.assignment1.TestStudentManager" time="6.352" errors="0" skipped="0">
  <properties>
[...]
</properties>
  <testcase classname="test.nz.ac.wgtn.swen301.assignment1.TestStudentManager" name="dummyTest" time="2.24"/>
  <testcase classname="test.nz.ac.wgtn.swen301.assignment1.TestStudentManager" name="test_performance" time="1.802"/>
  <testcase classname="test.nz.ac.wgtn.swen301.assignment1.TestStudentManager" name="test_delete" time="0.424"/>
  <testcase classname="test.nz.ac.wgtn.swen301.assignment1.TestStudentManager" name="test_createStudent" time="0.382"/>
  <testcase classname="test.nz.ac.wgtn.swen301.assignment1.TestStudentManager" name="test_getAllStudentIds" time="0.349"/>
  <testcase classname="test.nz.ac.wgtn.swen301.assignment1.TestStudentManager" name="test_update" time="0.308"/>
  <testcase classname="test.nz.ac.wgtn.swen301.assignment1.TestStudentManager" name="test_getAllDegreeIds" time="0.304"/>
  <testcase classname="test.nz.ac.wgtn.swen301.assignment1.TestStudentManager" name="test_readStudent" time="0.271"/>
  <testcase classname="test.nz.ac.wgtn.swen301.assignment1.TestStudentManager" name="test_readDegree" time="0.272"/>
</testsuite>